2024-03-23 18:47:24,985 [INFO] ru.mazhanchiki.severstal.SeverstalApplication [main] Starting SeverstalApplication using Java 22 with PID 976 (D:\repos\hackathon\severstal\target\classes started by rE in D:\repos\hackathon\severstal)
2024-03-23 18:47:24,986 [DEBUG] ru.mazhanchiki.severstal.SeverstalApplication [main] Running with Spring Boot v3.2.4, Spring v6.1.5
2024-03-23 18:47:24,987 [INFO] ru.mazhanchiki.severstal.SeverstalApplication [main] No active profile set, falling back to 1 default profile: "default"
2024-03-23 18:47:25,616 [INFO] org.springframework.boot.web.embedded.tomcat.TomcatWebServer [main] Tomcat initialized with port 8080 (http)
2024-03-23 18:47:25,624 [INFO] org.apache.catalina.core.StandardService [main] Starting service [Tomcat]
2024-03-23 18:47:25,625 [INFO] org.apache.catalina.core.StandardEngine [main] Starting Servlet engine: [Apache Tomcat/10.1.19]
2024-03-23 18:47:25,663 [INFO] org.apache.catalina.core.ContainerBase.[Tomcat].[localhost].[/] [main] Initializing Spring embedded WebApplicationContext
2024-03-23 18:47:25,663 [INFO] org.springframework.boot.web.servlet.context.ServletWebServerApplicationContext [main] Root WebApplicationContext: initialization completed in 649 ms
2024-03-23 18:47:25,925 [INFO] org.springframework.boot.web.embedded.tomcat.TomcatWebServer [main] Tomcat started on port 8080 (http) with context path ''
2024-03-23 18:47:25,932 [INFO] ru.mazhanchiki.severstal.SeverstalApplication [main] Started SeverstalApplication in 1.218 seconds (process running for 2.123)
2024-03-23 18:47:26,999 [INFO] org.apache.catalina.core.ContainerBase.[Tomcat].[localhost].[/] [http-nio-8080-exec-1] Initializing Spring DispatcherServlet 'dispatcherServlet'
2024-03-23 18:47:26,999 [INFO] org.springframework.web.servlet.DispatcherServlet [http-nio-8080-exec-1] Initializing Servlet 'dispatcherServlet'
2024-03-23 18:47:27,000 [INFO] org.springframework.web.servlet.DispatcherServlet [http-nio-8080-exec-1] Completed initialization in 1 ms
2024-03-23 18:47:27,033 [INFO] ru.mazhanchiki.severstal.controllers.ParserController [http-nio-8080-exec-1] /parse with query: query=, start_date=01.03.2024, end_date=30.03.2024, exclude=null, include_archive=false
2024-03-23 18:47:27,035 [INFO] ru.mazhanchiki.severstal.parsers.Parser [http-nio-8080-exec-1] Parsing: https://www.tender.pro/api/landings/etp?page=1&null
2024-03-23 18:47:37,413 [INFO] ru.mazhanchiki.severstal.parsers.TenderProParser [http-nio-8080-exec-1] page count: 30160
2024-03-23 18:47:37,413 [INFO] ru.mazhanchiki.severstal.parsers.Parser [http-nio-8080-exec-1] Parsing: https://www.tender.pro/api/landings/etp?page=1&tender_name=&dateb2=01.03.2024&datee2=30.03.2024&
2024-03-23 18:47:40,180 [INFO] ru.mazhanchiki.severstal.parsers.TenderProParser [http-nio-8080-exec-1] parsed page=1
2024-03-23 18:47:40,180 [INFO] ru.mazhanchiki.severstal.parsers.Parser [http-nio-8080-exec-1] Parsing: https://www.tender.pro/api/landings/etp?page=2&tender_name=&dateb2=01.03.2024&datee2=30.03.2024&
2024-03-23 18:47:42,922 [INFO] ru.mazhanchiki.severstal.parsers.TenderProParser [http-nio-8080-exec-1] parsed page=2
2024-03-23 18:47:42,964 [WARN] org.springframework.web.servlet.mvc.support.DefaultHandlerExceptionResolver [http-nio-8080-exec-1] Resolved [org.springframework.web.context.request.async.AsyncRequestNotUsableException: ServletOutputStream failed to write: java.io.IOException: Программа на вашем хост-компьютере разорвала установленное подключение]
2024-03-23 18:51:09,565 [INFO] ru.mazhanchiki.severstal.SeverstalApplication [main] Starting SeverstalApplication using Java 22 with PID 5964 (D:\repos\hackathon\severstal\target\classes started by rE in D:\repos\hackathon\severstal)
2024-03-23 18:51:09,566 [DEBUG] ru.mazhanchiki.severstal.SeverstalApplication [main] Running with Spring Boot v3.2.4, Spring v6.1.5
2024-03-23 18:51:09,567 [INFO] ru.mazhanchiki.severstal.SeverstalApplication [main] No active profile set, falling back to 1 default profile: "default"
2024-03-23 18:51:10,142 [INFO] org.springframework.boot.web.embedded.tomcat.TomcatWebServer [main] Tomcat initialized with port 8080 (http)
2024-03-23 18:51:10,156 [INFO] org.apache.catalina.core.StandardService [main] Starting service [Tomcat]
2024-03-23 18:51:10,157 [INFO] org.apache.catalina.core.StandardEngine [main] Starting Servlet engine: [Apache Tomcat/10.1.19]
2024-03-23 18:51:10,200 [INFO] org.apache.catalina.core.ContainerBase.[Tomcat].[localhost].[/] [main] Initializing Spring embedded WebApplicationContext
2024-03-23 18:51:10,200 [INFO] org.springframework.boot.web.servlet.context.ServletWebServerApplicationContext [main] Root WebApplicationContext: initialization completed in 605 ms
2024-03-23 18:51:10,453 [INFO] org.springframework.boot.web.embedded.tomcat.TomcatWebServer [main] Tomcat started on port 8080 (http) with context path ''
2024-03-23 18:51:10,459 [INFO] ru.mazhanchiki.severstal.SeverstalApplication [main] Started SeverstalApplication in 1.153 seconds (process running for 2.205)
2024-03-23 18:51:11,524 [INFO] org.apache.catalina.core.ContainerBase.[Tomcat].[localhost].[/] [http-nio-8080-exec-1] Initializing Spring DispatcherServlet 'dispatcherServlet'
2024-03-23 18:51:11,524 [INFO] org.springframework.web.servlet.DispatcherServlet [http-nio-8080-exec-1] Initializing Servlet 'dispatcherServlet'
2024-03-23 18:51:11,525 [INFO] org.springframework.web.servlet.DispatcherServlet [http-nio-8080-exec-1] Completed initialization in 1 ms
2024-03-23 18:51:11,553 [INFO] ru.mazhanchiki.severstal.controllers.ParserController [http-nio-8080-exec-1] /parse with query: query=, start_date=01.03.2024, end_date=30.03.2024, exclude=null, include_archive=true
2024-03-23 18:51:11,555 [INFO] ru.mazhanchiki.severstal.parsers.Parser [http-nio-8080-exec-1] Parsing: https://www.tender.pro/api/landings/etp?page=1&null
2024-03-23 18:51:22,086 [INFO] ru.mazhanchiki.severstal.parsers.TenderProParser [http-nio-8080-exec-1] page count: 30160
2024-03-23 18:51:22,086 [INFO] ru.mazhanchiki.severstal.parsers.Parser [http-nio-8080-exec-1] Parsing: https://www.tender.pro/api/landings/etp?page=1&tender_name=&dateb2=01.03.2024&datee2=30.03.2024&
2024-03-23 18:51:24,978 [INFO] ru.mazhanchiki.severstal.parsers.TenderProParser [http-nio-8080-exec-1] parsed page=1
2024-03-23 18:51:24,979 [INFO] ru.mazhanchiki.severstal.parsers.Parser [http-nio-8080-exec-1] Parsing: https://www.tender.pro/api/landings/etp?page=2&tender_name=&dateb2=01.03.2024&datee2=30.03.2024&
2024-03-23 18:51:27,729 [INFO] ru.mazhanchiki.severstal.parsers.TenderProParser [http-nio-8080-exec-1] parsed page=2
2024-03-23 18:53:06,095 [INFO] ru.mazhanchiki.severstal.SeverstalApplication [main] Starting SeverstalApplication using Java 22 with PID 21696 (D:\repos\hackathon\severstal\target\classes started by rE in D:\repos\hackathon\severstal)
2024-03-23 18:53:06,096 [DEBUG] ru.mazhanchiki.severstal.SeverstalApplication [main] Running with Spring Boot v3.2.4, Spring v6.1.5
2024-03-23 18:53:06,097 [INFO] ru.mazhanchiki.severstal.SeverstalApplication [main] No active profile set, falling back to 1 default profile: "default"
2024-03-23 18:53:06,689 [INFO] org.springframework.boot.web.embedded.tomcat.TomcatWebServer [main] Tomcat initialized with port 8080 (http)
2024-03-23 18:53:06,705 [INFO] org.apache.catalina.core.StandardService [main] Starting service [Tomcat]
2024-03-23 18:53:06,708 [INFO] org.apache.catalina.core.StandardEngine [main] Starting Servlet engine: [Apache Tomcat/10.1.19]
2024-03-23 18:53:06,743 [INFO] org.apache.catalina.core.ContainerBase.[Tomcat].[localhost].[/] [main] Initializing Spring embedded WebApplicationContext
2024-03-23 18:53:06,744 [INFO] org.springframework.boot.web.servlet.context.ServletWebServerApplicationContext [main] Root WebApplicationContext: initialization completed in 618 ms
2024-03-23 18:53:07,009 [INFO] org.springframework.boot.web.embedded.tomcat.TomcatWebServer [main] Tomcat started on port 8080 (http) with context path ''
2024-03-23 18:53:07,015 [INFO] ru.mazhanchiki.severstal.SeverstalApplication [main] Started SeverstalApplication in 1.198 seconds (process running for 2.115)
2024-03-23 18:53:09,612 [INFO] org.apache.catalina.core.ContainerBase.[Tomcat].[localhost].[/] [http-nio-8080-exec-2] Initializing Spring DispatcherServlet 'dispatcherServlet'
2024-03-23 18:53:09,613 [INFO] org.springframework.web.servlet.DispatcherServlet [http-nio-8080-exec-2] Initializing Servlet 'dispatcherServlet'
2024-03-23 18:53:09,613 [INFO] org.springframework.web.servlet.DispatcherServlet [http-nio-8080-exec-2] Completed initialization in 0 ms
2024-03-23 18:53:09,642 [INFO] ru.mazhanchiki.severstal.controllers.ParserController [http-nio-8080-exec-2] /parse with query: query=, start_date=01.03.2024, end_date=30.03.2024, exclude=null, include_archive=true
2024-03-23 18:53:09,645 [INFO] ru.mazhanchiki.severstal.parsers.Parser [http-nio-8080-exec-2] Parsing: https://www.tender.pro/api/landings/etp?page=1&null
2024-03-23 18:53:19,290 [INFO] ru.mazhanchiki.severstal.parsers.TenderProParser [http-nio-8080-exec-2] page count: 30160
2024-03-23 18:53:19,290 [INFO] ru.mazhanchiki.severstal.parsers.Parser [http-nio-8080-exec-2] Parsing: https://www.tender.pro/api/landings/etp?page=1&tender_name=&dateb2=01.03.2024&datee2=30.03.2024&
2024-03-23 18:53:21,758 [INFO] ru.mazhanchiki.severstal.controllers.ParserController [http-nio-8080-exec-3] /parse with query: query=, start_date=01.03.2024, end_date=30.03.2024, exclude=null, include_archive=false
2024-03-23 18:53:21,758 [INFO] ru.mazhanchiki.severstal.parsers.Parser [http-nio-8080-exec-3] Parsing: https://www.tender.pro/api/landings/etp?page=1&null
2024-03-23 18:53:22,018 [INFO] ru.mazhanchiki.severstal.parsers.TenderProParser [http-nio-8080-exec-3] page count: 30160
2024-03-23 18:53:22,018 [INFO] ru.mazhanchiki.severstal.parsers.Parser [http-nio-8080-exec-3] Parsing: https://www.tender.pro/api/landings/etp?page=1&tender_name=&dateb2=01.03.2024&datee2=30.03.2024&tender_state=1&
2024-03-23 18:53:22,196 [INFO] ru.mazhanchiki.severstal.parsers.TenderProParser [http-nio-8080-exec-2] parsed page=1
2024-03-23 18:53:22,196 [INFO] ru.mazhanchiki.severstal.parsers.Parser [http-nio-8080-exec-2] Parsing: https://www.tender.pro/api/landings/etp?page=2&tender_name=&dateb2=01.03.2024&datee2=30.03.2024&
2024-03-23 18:53:22,571 [INFO] ru.mazhanchiki.severstal.parsers.TenderProParser [http-nio-8080-exec-3] parsed page=1
2024-03-23 18:53:22,571 [INFO] ru.mazhanchiki.severstal.parsers.Parser [http-nio-8080-exec-3] Parsing: https://www.tender.pro/api/landings/etp?page=2&tender_name=&dateb2=01.03.2024&datee2=30.03.2024&tender_state=1&
2024-03-23 18:53:23,055 [INFO] ru.mazhanchiki.severstal.parsers.TenderProParser [http-nio-8080-exec-3] parsed page=2
2024-03-23 18:53:25,120 [INFO] ru.mazhanchiki.severstal.parsers.TenderProParser [http-nio-8080-exec-2] parsed page=2
2024-03-23 18:53:25,124 [WARN] org.springframework.web.servlet.mvc.support.DefaultHandlerExceptionResolver [http-nio-8080-exec-2] Resolved [org.springframework.web.context.request.async.AsyncRequestNotUsableException: ServletOutputStream failed to write: java.io.IOException: Программа на вашем хост-компьютере разорвала установленное подключение]
2024-03-23 18:55:04,061 [INFO] ru.mazhanchiki.severstal.SeverstalApplication [main] Starting SeverstalApplication using Java 22 with PID 6408 (D:\repos\hackathon\severstal\target\classes started by rE in D:\repos\hackathon\severstal)
2024-03-23 18:55:04,062 [DEBUG] ru.mazhanchiki.severstal.SeverstalApplication [main] Running with Spring Boot v3.2.4, Spring v6.1.5
2024-03-23 18:55:04,062 [INFO] ru.mazhanchiki.severstal.SeverstalApplication [main] No active profile set, falling back to 1 default profile: "default"
2024-03-23 18:55:04,669 [INFO] org.springframework.boot.web.embedded.tomcat.TomcatWebServer [main] Tomcat initialized with port 8080 (http)
2024-03-23 18:55:04,678 [INFO] org.apache.catalina.core.StandardService [main] Starting service [Tomcat]
2024-03-23 18:55:04,678 [INFO] org.apache.catalina.core.StandardEngine [main] Starting Servlet engine: [Apache Tomcat/10.1.19]
2024-03-23 18:55:04,717 [INFO] org.apache.catalina.core.ContainerBase.[Tomcat].[localhost].[/] [main] Initializing Spring embedded WebApplicationContext
2024-03-23 18:55:04,718 [INFO] org.springframework.boot.web.servlet.context.ServletWebServerApplicationContext [main] Root WebApplicationContext: initialization completed in 627 ms
2024-03-23 18:55:04,948 [INFO] org.springframework.boot.web.embedded.tomcat.TomcatWebServer [main] Tomcat started on port 8080 (http) with context path ''
2024-03-23 18:55:04,954 [INFO] ru.mazhanchiki.severstal.SeverstalApplication [main] Started SeverstalApplication in 1.167 seconds (process running for 2.122)
2024-03-23 18:55:06,136 [INFO] org.apache.catalina.core.ContainerBase.[Tomcat].[localhost].[/] [http-nio-8080-exec-1] Initializing Spring DispatcherServlet 'dispatcherServlet'
2024-03-23 18:55:06,136 [INFO] org.springframework.web.servlet.DispatcherServlet [http-nio-8080-exec-1] Initializing Servlet 'dispatcherServlet'
2024-03-23 18:55:06,137 [INFO] org.springframework.web.servlet.DispatcherServlet [http-nio-8080-exec-1] Completed initialization in 0 ms
2024-03-23 18:55:06,163 [INFO] ru.mazhanchiki.severstal.controllers.ParserController [http-nio-8080-exec-1] /parse with query: query=, start_date=01.03.2024, end_date=30.03.2024, exclude=null, include_archive=false
2024-03-23 18:55:06,167 [INFO] ru.mazhanchiki.severstal.parsers.Parser [http-nio-8080-exec-1] Parsing: https://www.tender.pro/api/landings/etp?page=1&null
2024-03-23 18:55:16,114 [INFO] ru.mazhanchiki.severstal.parsers.TenderProParser [http-nio-8080-exec-1] page count: 30160
2024-03-23 18:55:16,114 [INFO] ru.mazhanchiki.severstal.parsers.Parser [http-nio-8080-exec-1] Parsing: https://www.tender.pro/api/landings/etp?page=1&tender_name=&dateb2=01.03.2024&datee2=30.03.2024&tender_state=1&
2024-03-23 18:55:16,686 [INFO] ru.mazhanchiki.severstal.parsers.TenderProParser [http-nio-8080-exec-1] parsed page=1
2024-03-23 18:55:16,687 [INFO] ru.mazhanchiki.severstal.parsers.Parser [http-nio-8080-exec-1] Parsing: https://www.tender.pro/api/landings/etp?page=2&tender_name=&dateb2=01.03.2024&datee2=30.03.2024&tender_state=1&
2024-03-23 18:55:17,189 [INFO] ru.mazhanchiki.severstal.parsers.TenderProParser [http-nio-8080-exec-1] parsed page=2
2024-03-23 18:56:20,553 [INFO] ru.mazhanchiki.severstal.controllers.ParserController [http-nio-8080-exec-5] /parse with query: query=, start_date=01.03.2024, end_date=30.03.2024, exclude=null, include_archive=false
2024-03-23 18:56:20,554 [INFO] ru.mazhanchiki.severstal.parsers.Parser [http-nio-8080-exec-5] Parsing: https://www.tender.pro/api/landings/etp?page=1&null
2024-03-23 18:56:30,220 [INFO] ru.mazhanchiki.severstal.parsers.TenderProParser [http-nio-8080-exec-5] page count: 30160
2024-03-23 18:56:30,220 [INFO] ru.mazhanchiki.severstal.parsers.Parser [http-nio-8080-exec-5] Parsing: https://www.tender.pro/api/landings/etp?page=1&tender_name=&dateb2=01.03.2024&datee2=30.03.2024&tender_state=1&
2024-03-23 18:56:30,755 [INFO] ru.mazhanchiki.severstal.parsers.TenderProParser [http-nio-8080-exec-5] parsed page=1
2024-03-23 18:56:30,755 [INFO] ru.mazhanchiki.severstal.parsers.Parser [http-nio-8080-exec-5] Parsing: https://www.tender.pro/api/landings/etp?page=2&tender_name=&dateb2=01.03.2024&datee2=30.03.2024&tender_state=1&
2024-03-23 18:56:31,234 [INFO] ru.mazhanchiki.severstal.parsers.TenderProParser [http-nio-8080-exec-5] parsed page=2
2024-03-23 18:56:50,530 [INFO] ru.mazhanchiki.severstal.controllers.ParserController [http-nio-8080-exec-4] /parse with query: query=, start_date=01.03.2024, end_date=30.03.2024, exclude=null, include_archive=false
2024-03-23 18:56:50,530 [INFO] ru.mazhanchiki.severstal.parsers.Parser [http-nio-8080-exec-4] Parsing: https://www.tender.pro/api/landings/etp?page=1&null
2024-03-23 18:57:00,629 [INFO] ru.mazhanchiki.severstal.parsers.TenderProParser [http-nio-8080-exec-4] page count: 30160
2024-03-23 18:57:00,629 [INFO] ru.mazhanchiki.severstal.parsers.Parser [http-nio-8080-exec-4] Parsing: https://www.tender.pro/api/landings/etp?page=1&tender_name=&dateb2=01.03.2024&datee2=30.03.2024&tender_state=1&
2024-03-23 18:57:01,243 [INFO] ru.mazhanchiki.severstal.parsers.TenderProParser [http-nio-8080-exec-4] parsed page=1
2024-03-23 18:57:01,243 [INFO] ru.mazhanchiki.severstal.parsers.Parser [http-nio-8080-exec-4] Parsing: https://www.tender.pro/api/landings/etp?page=2&tender_name=&dateb2=01.03.2024&datee2=30.03.2024&tender_state=1&
2024-03-23 18:57:01,830 [INFO] ru.mazhanchiki.severstal.parsers.TenderProParser [http-nio-8080-exec-4] parsed page=2
2024-03-23 18:57:36,432 [INFO] ru.mazhanchiki.severstal.controllers.ParserController [http-nio-8080-exec-7] /parse with query: query=, start_date=01.03.2024, end_date=30.03.2024, exclude=null, include_archive=true
2024-03-23 18:57:36,433 [INFO] ru.mazhanchiki.severstal.parsers.Parser [http-nio-8080-exec-7] Parsing: https://www.tender.pro/api/landings/etp?page=1&null
2024-03-23 18:57:46,025 [INFO] ru.mazhanchiki.severstal.parsers.TenderProParser [http-nio-8080-exec-7] page count: 30160
2024-03-23 18:57:46,025 [INFO] ru.mazhanchiki.severstal.parsers.Parser [http-nio-8080-exec-7] Parsing: https://www.tender.pro/api/landings/etp?page=1&tender_name=&dateb2=01.03.2024&datee2=30.03.2024&
2024-03-23 18:57:48,824 [INFO] ru.mazhanchiki.severstal.parsers.TenderProParser [http-nio-8080-exec-7] parsed page=1
2024-03-23 18:57:48,824 [INFO] ru.mazhanchiki.severstal.parsers.Parser [http-nio-8080-exec-7] Parsing: https://www.tender.pro/api/landings/etp?page=2&tender_name=&dateb2=01.03.2024&datee2=30.03.2024&
2024-03-23 18:57:51,827 [INFO] ru.mazhanchiki.severstal.parsers.TenderProParser [http-nio-8080-exec-7] parsed page=2
